<?xml version="1.0" encoding="UTF-8"?>
<testng-results ignored="0" total="1" passed="1" failed="0" skipped="0">
  <reporter-output>
  </reporter-output>
  <suite started-at="2019-03-06T00:43:36Z" name="Default suite" finished-at="2019-03-06T00:43:38Z" duration-ms="1228">
    <groups>
    </groups>
    <test started-at="2019-03-06T00:43:36Z" name="Default test" finished-at="2019-03-06T00:43:38Z" duration-ms="1228">
      <class name="com.qa.testcases.DeleteAPITest">
        <test-method is-config="true" signature="setUp()[pri:0, instance:com.qa.testcases.DeleteAPITest@fbd1f6]" started-at="2019-03-06T00:43:36Z" name="setUp" finished-at="2019-03-06T00:43:36Z" duration-ms="5" status="PASS">
          <reporter-output>
          </reporter-output>
        </test-method> <!-- setUp -->
        <test-method signature="testDeleteClient()[pri:0, instance:com.qa.testcases.DeleteAPITest@fbd1f6]" started-at="2019-03-06T00:43:36Z" name="testDeleteClient" finished-at="2019-03-06T00:43:38Z" duration-ms="1191" status="PASS">
          <reporter-output>
          </reporter-output>
        </test-method> <!-- testDeleteClient -->
      </class> <!-- com.qa.testcases.DeleteAPITest -->
    </test> <!-- Default test -->
  </suite> <!-- Default suite -->
</testng-results>
